<?xml version="1.0" encoding="UTF-8"?>
<!-- Generated by org.testng.reporters.JUnitReportReporter -->
<testsuite hostname="Aniruddha" failures="0" tests="1" name="com.mudraLoan.testCases.TC001_FirstPage" time="4.565" errors="0" timestamp="2021-05-05T11:42:11 IST" skipped="0">
  <testcase classname="com.mudraLoan.testCases.TC001_FirstPage" name="TC001" time="4.565"/>
  <system-out/>
</testsuite> <!-- com.mudraLoan.testCases.TC001_FirstPage -->
